{"/home/manik/Desktop/kriti-ai-web/backend/src/env.ts": {"path":"/home/manik/Desktop/kriti-ai-web/backend/src/env.ts","statementMap":{"0":{"start":{"line":1,"column":0},"end":{"line":1,"column":28}},"1":{"start":{"line":3,"column":0},"end":{"line":3,"column":16}},"2":{"start":{"line":5,"column":0},"end":{"line":5,"column":13}},"3":{"start":{"line":6,"column":11},"end":{"line":6,"column":66}},"4":{"start":{"line":7,"column":11},"end":{"line":7,"column":50}},"5":{"start":{"line":8,"column":11},"end":{"line":8,"column":64}},"6":{"start":{"line":9,"column":11},"end":{"line":9,"column":74}},"7":{"start":{"line":10,"column":11},"end":{"line":10,"column":80}},"8":{"start":{"line":11,"column":11},"end":{"line":11,"column":71}},"9":{"start":{"line":14,"column":30},"end":{"line":30,"column":1}},"10":{"start":{"line":15,"column":4},"end":{"line":17,"column":5}},"11":{"start":{"line":16,"column":8},"end":{"line":16,"column":51}},"12":{"start":{"line":18,"column":4},"end":{"line":20,"column":5}},"13":{"start":{"line":19,"column":8},"end":{"line":19,"column":49}},"14":{"start":{"line":21,"column":4},"end":{"line":23,"column":5}},"15":{"start":{"line":22,"column":8},"end":{"line":22,"column":54}},"16":{"start":{"line":24,"column":4},"end":{"line":26,"column":5}},"17":{"start":{"line":25,"column":8},"end":{"line":25,"column":59}},"18":{"start":{"line":27,"column":4},"end":{"line":29,"column":5}},"19":{"start":{"line":28,"column":8},"end":{"line":28,"column":62}},"20":{"start":{"line":14,"column":13},"end":{"line":14,"column":30}}},"fnMap":{"0":{"name":"(anonymous_1)","decl":{"start":{"line":14,"column":30},"end":{"line":14,"column":33}},"loc":{"start":{"line":14,"column":35},"end":{"line":30,"column":1}}}},"branchMap":{"0":{"loc":{"start":{"line":11,"column":18},"end":{"line":11,"column":70}},"type":"cond-expr","locations":[{"start":{"line":11,"column":45},"end":{"line":11,"column":51}},{"start":{"line":11,"column":54},"end":{"line":11,"column":70}}]},"1":{"loc":{"start":{"line":15,"column":4},"end":{"line":17,"column":5}},"type":"if","locations":[{"start":{"line":15,"column":4},"end":{"line":17,"column":5}}]},"2":{"loc":{"start":{"line":18,"column":4},"end":{"line":20,"column":5}},"type":"if","locations":[{"start":{"line":18,"column":4},"end":{"line":20,"column":5}}]},"3":{"loc":{"start":{"line":21,"column":4},"end":{"line":23,"column":5}},"type":"if","locations":[{"start":{"line":21,"column":4},"end":{"line":23,"column":5}}]},"4":{"loc":{"start":{"line":24,"column":4},"end":{"line":26,"column":5}},"type":"if","locations":[{"start":{"line":24,"column":4},"end":{"line":26,"column":5}}]},"5":{"loc":{"start":{"line":27,"column":4},"end":{"line":29,"column":5}},"type":"if","locations":[{"start":{"line":27,"column":4},"end":{"line":29,"column":5}}]}},"s":{"0":2,"1":2,"2":2,"3":2,"4":2,"5":2,"6":2,"7":2,"8":2,"9":2,"10":0,"11":0,"12":0,"13":0,"14":0,"15":0,"16":0,"17":0,"18":0,"19":0,"20":2},"f":{"0":0},"b":{"0":[0,2],"1":[0],"2":[0],"3":[0],"4":[0],"5":[0]}}
,"/home/manik/Desktop/kriti-ai-web/backend/src/index.ts": {"path":"/home/manik/Desktop/kriti-ai-web/backend/src/index.ts","statementMap":{"0":{"start":{"line":1,"column":0},"end":{"line":1,"column":28}},"1":{"start":{"line":2,"column":0},"end":{"line":2,"column":30}},"2":{"start":{"line":3,"column":0},"end":{"line":3,"column":50}},"3":{"start":{"line":4,"column":0},"end":{"line":4,"column":69}},"4":{"start":{"line":5,"column":0},"end":{"line":5,"column":30}},"5":{"start":{"line":7,"column":0},"end":{"line":7,"column":16}},"6":{"start":{"line":9,"column":13},"end":{"line":17,"column":null}},"7":{"start":{"line":9,"column":24},"end":{"line":17,"column":null}},"8":{"start":{"line":10,"column":4},"end":{"line":10,"column":21}},"9":{"start":{"line":11,"column":16},"end":{"line":11,"column":25}},"10":{"start":{"line":12,"column":4},"end":{"line":12,"column":28}},"11":{"start":{"line":13,"column":4},"end":{"line":13,"column":null}},"12":{"start":{"line":14,"column":4},"end":{"line":16,"column":null}},"13":{"start":{"line":15,"column":8},"end":{"line":15,"column":69}},"14":{"start":{"line":19,"column":0},"end":{"line":19,"column":null}}},"fnMap":{"0":{"name":"(anonymous_8)","decl":{"start":{"line":9,"column":13},"end":{"line":9,"column":22}},"loc":{"start":{"line":9,"column":24},"end":{"line":17,"column":null}}},"1":{"name":"(anonymous_9)","decl":{"start":{"line":9,"column":24},"end":{"line":9,"column":null}},"loc":{"start":{"line":9,"column":24},"end":{"line":17,"column":1}}},"2":{"name":"(anonymous_10)","decl":{"start":{"line":14,"column":33},"end":{"line":14,"column":36}},"loc":{"start":{"line":14,"column":38},"end":{"line":16,"column":5}}}},"branchMap":{},"s":{"0":0,"1":0,"2":0,"3":0,"4":0,"5":0,"6":0,"7":0,"8":0,"9":0,"10":0,"11":0,"12":0,"13":0,"14":0},"f":{"0":0,"1":0,"2":0},"b":{}}
,"/home/manik/Desktop/kriti-ai-web/backend/src/logger.ts": {"path":"/home/manik/Desktop/kriti-ai-web/backend/src/logger.ts","statementMap":{"0":{"start":{"line":1,"column":0},"end":{"line":1,"column":30}},"1":{"start":{"line":3,"column":15},"end":{"line":13,"column":2}},"2":{"start":{"line":15,"column":0},"end":{"line":15,"column":22}}},"fnMap":{},"branchMap":{},"s":{"0":0,"1":0,"2":0},"f":{},"b":{}}
,"/home/manik/Desktop/kriti-ai-web/backend/src/request.d.ts": {"path":"/home/manik/Desktop/kriti-ai-web/backend/src/request.d.ts","statementMap":{},"fnMap":{},"branchMap":{},"s":{},"f":{},"b":{}}
,"/home/manik/Desktop/kriti-ai-web/backend/src/controllers/controller_template.ts": {"path":"/home/manik/Desktop/kriti-ai-web/backend/src/controllers/controller_template.ts","statementMap":{"0":{"start":{"line":2,"column":0},"end":{"line":2,"column":52}},"1":{"start":{"line":3,"column":0},"end":{"line":3,"column":68}},"2":{"start":{"line":4,"column":0},"end":{"line":4,"column":31}},"3":{"start":{"line":5,"column":0},"end":{"line":5,"column":35}},"4":{"start":{"line":6,"column":0},"end":{"line":6,"column":36}},"5":{"start":{"line":7,"column":0},"end":{"line":7,"column":31}},"6":{"start":{"line":12,"column":0},"end":{"line":12,"column":13}},"7":{"start":{"line":13,"column":10},"end":{"line":13,"column":null}},"8":{"start":{"line":14,"column":10},"end":{"line":14,"column":null}},"9":{"start":{"line":15,"column":10},"end":{"line":15,"column":null}},"10":{"start":{"line":16,"column":10},"end":{"line":16,"column":null}},"11":{"start":{"line":20,"column":33},"end":{"line":20,"column":55}},"12":{"start":{"line":62,"column":12},"end":{"line":69,"column":null}},"13":{"start":{"line":62,"column":111},"end":{"line":69,"column":null}},"14":{"start":{"line":63,"column":8},"end":{"line":68,"column":9}},"15":{"start":{"line":64,"column":12},"end":{"line":64,"column":66}},"16":{"start":{"line":65,"column":12},"end":{"line":65,"column":26}},"17":{"start":{"line":67,"column":12},"end":{"line":67,"column":null}},"18":{"start":{"line":70,"column":12},"end":{"line":86,"column":null}},"19":{"start":{"line":70,"column":66},"end":{"line":86,"column":null}},"20":{"start":{"line":71,"column":27},"end":{"line":71,"column":33}},"21":{"start":{"line":72,"column":8},"end":{"line":74,"column":9}},"22":{"start":{"line":73,"column":12},"end":{"line":73,"column":61}},"23":{"start":{"line":75,"column":8},"end":{"line":77,"column":9}},"24":{"start":{"line":76,"column":12},"end":{"line":76,"column":66}},"25":{"start":{"line":78,"column":23},"end":{"line":78,"column":69}},"26":{"start":{"line":79,"column":20},"end":{"line":79,"column":48}},"27":{"start":{"line":80,"column":8},"end":{"line":80,"column":71}},"28":{"start":{"line":80,"column":17},"end":{"line":80,"column":71}},"29":{"start":{"line":81,"column":21},"end":{"line":81,"column":44}},"30":{"start":{"line":82,"column":8},"end":{"line":84,"column":9}},"31":{"start":{"line":83,"column":12},"end":{"line":83,"column":61}},"32":{"start":{"line":85,"column":8},"end":{"line":85,"column":18}},"33":{"start":{"line":22,"column":8},"end":{"line":22,"column":null}},"34":{"start":{"line":23,"column":8},"end":{"line":23,"column":90}},"35":{"start":{"line":26,"column":8},"end":{"line":26,"column":89}},"36":{"start":{"line":27,"column":8},"end":{"line":42,"column":9}},"37":{"start":{"line":29,"column":16},"end":{"line":29,"column":55}},"38":{"start":{"line":30,"column":16},"end":{"line":30,"column":22}},"39":{"start":{"line":32,"column":16},"end":{"line":32,"column":54}},"40":{"start":{"line":33,"column":16},"end":{"line":33,"column":22}},"41":{"start":{"line":35,"column":16},"end":{"line":35,"column":57}},"42":{"start":{"line":36,"column":16},"end":{"line":36,"column":22}},"43":{"start":{"line":38,"column":16},"end":{"line":38,"column":54}},"44":{"start":{"line":39,"column":16},"end":{"line":39,"column":22}},"45":{"start":{"line":41,"column":16},"end":{"line":41,"column":54}},"46":{"start":{"line":45,"column":8},"end":{"line":60,"column":9}},"47":{"start":{"line":47,"column":16},"end":{"line":47,"column":67}},"48":{"start":{"line":48,"column":16},"end":{"line":48,"column":22}},"49":{"start":{"line":50,"column":16},"end":{"line":50,"column":66}},"50":{"start":{"line":51,"column":16},"end":{"line":51,"column":22}},"51":{"start":{"line":53,"column":16},"end":{"line":53,"column":69}},"52":{"start":{"line":54,"column":16},"end":{"line":54,"column":22}},"53":{"start":{"line":56,"column":16},"end":{"line":56,"column":66}},"54":{"start":{"line":57,"column":16},"end":{"line":57,"column":22}},"55":{"start":{"line":59,"column":16},"end":{"line":59,"column":54}},"56":{"start":{"line":19,"column":0},"end":{"line":19,"column":13}}},"fnMap":{"0":{"name":"(anonymous_8)","decl":{"start":{"line":20,"column":4},"end":{"line":20,"column":33}},"loc":{"start":{"line":20,"column":55},"end":{"line":20,"column":59}}},"1":{"name":"(anonymous_9)","decl":{"start":{"line":62,"column":29},"end":{"line":62,"column":36}},"loc":{"start":{"line":62,"column":111},"end":{"line":69,"column":null}}},"2":{"name":"(anonymous_10)","decl":{"start":{"line":62,"column":111},"end":{"line":62,"column":null}},"loc":{"start":{"line":62,"column":111},"end":{"line":69,"column":5}}},"3":{"name":"(anonymous_11)","decl":{"start":{"line":70,"column":27},"end":{"line":70,"column":34}},"loc":{"start":{"line":70,"column":66},"end":{"line":86,"column":null}}},"4":{"name":"(anonymous_12)","decl":{"start":{"line":70,"column":66},"end":{"line":70,"column":null}},"loc":{"start":{"line":70,"column":66},"end":{"line":86,"column":5}}},"5":{"name":"(anonymous_13)","decl":{"start":{"line":21,"column":4},"end":{"line":21,"column":35}},"loc":{"start":{"line":21,"column":108},"end":{"line":24,"column":5}}},"6":{"name":"(anonymous_14)","decl":{"start":{"line":25,"column":4},"end":{"line":25,"column":34}},"loc":{"start":{"line":25,"column":107},"end":{"line":43,"column":5}}},"7":{"name":"(anonymous_15)","decl":{"start":{"line":44,"column":12},"end":{"line":44,"column":39}},"loc":{"start":{"line":44,"column":140},"end":{"line":61,"column":5}}}},"branchMap":{"0":{"loc":{"start":{"line":72,"column":8},"end":{"line":74,"column":9}},"type":"if","locations":[{"start":{"line":72,"column":8},"end":{"line":74,"column":9}}]},"1":{"loc":{"start":{"line":72,"column":12},"end":{"line":72,"column":64}},"type":"binary-expr","locations":[{"start":{"line":72,"column":12},"end":{"line":72,"column":25}},{"start":{"line":72,"column":29},"end":{"line":72,"column":64}}]},"2":{"loc":{"start":{"line":75,"column":8},"end":{"line":77,"column":9}},"type":"if","locations":[{"start":{"line":75,"column":8},"end":{"line":77,"column":9}}]},"3":{"loc":{"start":{"line":80,"column":8},"end":{"line":80,"column":71}},"type":"if","locations":[{"start":{"line":80,"column":8},"end":{"line":80,"column":71}}]},"4":{"loc":{"start":{"line":82,"column":8},"end":{"line":84,"column":9}},"type":"if","locations":[{"start":{"line":82,"column":8},"end":{"line":84,"column":9}}]},"5":{"loc":{"start":{"line":27,"column":8},"end":{"line":42,"column":9}},"type":"switch","locations":[{"start":{"line":28,"column":12},"end":{"line":30,"column":22}},{"start":{"line":31,"column":12},"end":{"line":33,"column":22}},{"start":{"line":34,"column":12},"end":{"line":36,"column":22}},{"start":{"line":37,"column":12},"end":{"line":39,"column":22}},{"start":{"line":40,"column":12},"end":{"line":41,"column":54}}]},"6":{"loc":{"start":{"line":45,"column":8},"end":{"line":60,"column":9}},"type":"switch","locations":[{"start":{"line":46,"column":12},"end":{"line":48,"column":22}},{"start":{"line":49,"column":12},"end":{"line":51,"column":22}},{"start":{"line":52,"column":12},"end":{"line":54,"column":22}},{"start":{"line":55,"column":12},"end":{"line":57,"column":22}},{"start":{"line":58,"column":12},"end":{"line":59,"column":54}}]}},"s":{"0":0,"1":0,"2":0,"3":0,"4":0,"5":0,"6":0,"7":0,"8":0,"9":0,"10":0,"11":0,"12":0,"13":0,"14":0,"15":0,"16":0,"17":0,"18":0,"19":0,"20":0,"21":0,"22":0,"23":0,"24":0,"25":0,"26":0,"27":0,"28":0,"29":0,"30":0,"31":0,"32":0,"33":0,"34":0,"35":0,"36":0,"37":0,"38":0,"39":0,"40":0,"41":0,"42":0,"43":0,"44":0,"45":0,"46":0,"47":0,"48":0,"49":0,"50":0,"51":0,"52":0,"53":0,"54":0,"55":0,"56":0},"f":{"0":0,"1":0,"2":0,"3":0,"4":0,"5":0,"6":0,"7":0},"b":{"0":[0],"1":[0,0],"2":[0],"3":[0],"4":[0],"5":[0,0,0,0,0],"6":[0,0,0,0,0]}}
,"/home/manik/Desktop/kriti-ai-web/backend/src/controllers/otp.ts": {"path":"/home/manik/Desktop/kriti-ai-web/backend/src/controllers/otp.ts","statementMap":{"0":{"start":{"line":3,"column":0},"end":{"line":3,"column":30}},"1":{"start":{"line":4,"column":0},"end":{"line":4,"column":52}},"2":{"start":{"line":5,"column":0},"end":{"line":5,"column":77}},"3":{"start":{"line":8,"column":33},"end":{"line":8,"column":63}},"4":{"start":{"line":10,"column":8},"end":{"line":16,"column":9}},"5":{"start":{"line":11,"column":28},"end":{"line":11,"column":36}},"6":{"start":{"line":12,"column":26},"end":{"line":12,"column":62}},"7":{"start":{"line":13,"column":12},"end":{"line":13,"column":60}},"8":{"start":{"line":15,"column":12},"end":{"line":15,"column":null}},"9":{"start":{"line":19,"column":8},"end":{"line":25,"column":9}},"10":{"start":{"line":20,"column":44},"end":{"line":20,"column":52}},"11":{"start":{"line":21,"column":25},"end":{"line":21,"column":81}},"12":{"start":{"line":22,"column":12},"end":{"line":22,"column":null}},"13":{"start":{"line":24,"column":12},"end":{"line":24,"column":null}},"14":{"start":{"line":28,"column":23},"end":{"line":28,"column":39}},"15":{"start":{"line":29,"column":23},"end":{"line":29,"column":53}},"16":{"start":{"line":30,"column":8},"end":{"line":30,"column":null}},"17":{"start":{"line":31,"column":8},"end":{"line":31,"column":null}},"18":{"start":{"line":32,"column":8},"end":{"line":35,"column":null}},"19":{"start":{"line":7,"column":0},"end":{"line":7,"column":13}}},"fnMap":{"0":{"name":"(anonymous_8)","decl":{"start":{"line":8,"column":4},"end":{"line":8,"column":33}},"loc":{"start":{"line":8,"column":63},"end":{"line":8,"column":67}}},"1":{"name":"(anonymous_9)","decl":{"start":{"line":9,"column":18},"end":{"line":9,"column":35}},"loc":{"start":{"line":9,"column":79},"end":{"line":17,"column":null}}},"2":{"name":"(anonymous_11)","decl":{"start":{"line":18,"column":18},"end":{"line":18,"column":29}},"loc":{"start":{"line":18,"column":73},"end":{"line":26,"column":null}}},"3":{"name":"(anonymous_13)","decl":{"start":{"line":27,"column":4},"end":{"line":27,"column":18}},"loc":{"start":{"line":27,"column":18},"end":{"line":36,"column":5}}}},"branchMap":{},"s":{"0":0,"1":0,"2":0,"3":0,"4":0,"5":0,"6":0,"7":0,"8":0,"9":0,"10":0,"11":0,"12":0,"13":0,"14":0,"15":0,"16":0,"17":0,"18":0,"19":0},"f":{"0":0,"1":0,"2":0,"3":0},"b":{}}
,"/home/manik/Desktop/kriti-ai-web/backend/src/controllers/project.ts": {"path":"/home/manik/Desktop/kriti-ai-web/backend/src/controllers/project.ts","statementMap":{"0":{"start":{"line":3,"column":0},"end":{"line":3,"column":30}},"1":{"start":{"line":4,"column":0},"end":{"line":4,"column":52}},"2":{"start":{"line":5,"column":0},"end":{"line":5,"column":77}},"3":{"start":{"line":8,"column":33},"end":{"line":8,"column":71}},"4":{"start":{"line":10,"column":8},"end":{"line":16,"column":9}},"5":{"start":{"line":11,"column":46},"end":{"line":11,"column":54}},"6":{"start":{"line":12,"column":27},"end":{"line":12,"column":101}},"7":{"start":{"line":13,"column":11},"end":{"line":13,"column":48}},"8":{"start":{"line":15,"column":12},"end":{"line":15,"column":null}},"9":{"start":{"line":19,"column":8},"end":{"line":24,"column":9}},"10":{"start":{"line":20,"column":29},"end":{"line":20,"column":69}},"11":{"start":{"line":21,"column":12},"end":{"line":21,"column":50}},"12":{"start":{"line":23,"column":12},"end":{"line":23,"column":null}},"13":{"start":{"line":27,"column":8},"end":{"line":33,"column":9}},"14":{"start":{"line":28,"column":35},"end":{"line":28,"column":43}},"15":{"start":{"line":29,"column":28},"end":{"line":29,"column":90}},"16":{"start":{"line":30,"column":12},"end":{"line":30,"column":49}},"17":{"start":{"line":32,"column":12},"end":{"line":32,"column":null}},"18":{"start":{"line":36,"column":8},"end":{"line":42,"column":9}},"19":{"start":{"line":37,"column":32},"end":{"line":37,"column":42}},"20":{"start":{"line":38,"column":28},"end":{"line":38,"column":87}},"21":{"start":{"line":39,"column":12},"end":{"line":39,"column":49}},"22":{"start":{"line":41,"column":12},"end":{"line":41,"column":null}},"23":{"start":{"line":45,"column":23},"end":{"line":45,"column":39}},"24":{"start":{"line":46,"column":23},"end":{"line":46,"column":53}},"25":{"start":{"line":47,"column":8},"end":{"line":47,"column":null}},"26":{"start":{"line":48,"column":8},"end":{"line":48,"column":null}},"27":{"start":{"line":49,"column":8},"end":{"line":49,"column":null}},"28":{"start":{"line":50,"column":8},"end":{"line":50,"column":null}},"29":{"start":{"line":51,"column":8},"end":{"line":54,"column":null}},"30":{"start":{"line":7,"column":0},"end":{"line":7,"column":13}}},"fnMap":{"0":{"name":"(anonymous_8)","decl":{"start":{"line":8,"column":4},"end":{"line":8,"column":33}},"loc":{"start":{"line":8,"column":71},"end":{"line":8,"column":75}}},"1":{"name":"(anonymous_9)","decl":{"start":{"line":9,"column":18},"end":{"line":9,"column":31}},"loc":{"start":{"line":9,"column":75},"end":{"line":17,"column":null}}},"2":{"name":"(anonymous_11)","decl":{"start":{"line":18,"column":18},"end":{"line":18,"column":29}},"loc":{"start":{"line":18,"column":73},"end":{"line":25,"column":null}}},"3":{"name":"(anonymous_13)","decl":{"start":{"line":26,"column":18},"end":{"line":26,"column":31}},"loc":{"start":{"line":26,"column":75},"end":{"line":34,"column":null}}},"4":{"name":"(anonymous_15)","decl":{"start":{"line":35,"column":18},"end":{"line":35,"column":31}},"loc":{"start":{"line":35,"column":75},"end":{"line":43,"column":null}}},"5":{"name":"(anonymous_17)","decl":{"start":{"line":44,"column":4},"end":{"line":44,"column":18}},"loc":{"start":{"line":44,"column":18},"end":{"line":55,"column":5}}}},"branchMap":{},"s":{"0":0,"1":0,"2":0,"3":0,"4":0,"5":0,"6":0,"7":0,"8":0,"9":0,"10":0,"11":0,"12":0,"13":0,"14":0,"15":0,"16":0,"17":0,"18":0,"19":0,"20":0,"21":0,"22":0,"23":0,"24":0,"25":0,"26":0,"27":0,"28":0,"29":0,"30":0},"f":{"0":0,"1":0,"2":0,"3":0,"4":0,"5":0},"b":{}}
,"/home/manik/Desktop/kriti-ai-web/backend/src/controllers/router_container.ts": {"path":"/home/manik/Desktop/kriti-ai-web/backend/src/controllers/router_container.ts","statementMap":{"0":{"start":{"line":3,"column":0},"end":{"line":3,"column":38}},"1":{"start":{"line":4,"column":0},"end":{"line":4,"column":45}},"2":{"start":{"line":5,"column":0},"end":{"line":5,"column":60}},"3":{"start":{"line":6,"column":0},"end":{"line":6,"column":36}},"4":{"start":{"line":7,"column":0},"end":{"line":7,"column":43}},"5":{"start":{"line":8,"column":0},"end":{"line":8,"column":44}},"6":{"start":{"line":9,"column":0},"end":{"line":9,"column":51}},"7":{"start":{"line":10,"column":0},"end":{"line":10,"column":31}},"8":{"start":{"line":13,"column":24},"end":{"line":13,"column":53}},"9":{"start":{"line":14,"column":4},"end":{"line":20,"column":null}},"10":{"start":{"line":15,"column":8},"end":{"line":19,"column":9}},"11":{"start":{"line":16,"column":24},"end":{"line":16,"column":47}},"12":{"start":{"line":17,"column":12},"end":{"line":17,"column":62}},"13":{"start":{"line":18,"column":12},"end":{"line":18,"column":42}},"14":{"start":{"line":12,"column":0},"end":{"line":12,"column":13}},"15":{"start":{"line":23,"column":20},"end":{"line":27,"column":2}},"16":{"start":{"line":29,"column":13},"end":{"line":29,"column":75}}},"fnMap":{"0":{"name":"(anonymous_1)","decl":{"start":{"line":13,"column":4},"end":{"line":13,"column":24}},"loc":{"start":{"line":13,"column":53},"end":{"line":13,"column":57}}},"1":{"name":"(anonymous_2)","decl":{"start":{"line":14,"column":24},"end":{"line":14,"column":25}},"loc":{"start":{"line":14,"column":53},"end":{"line":20,"column":5}}}},"branchMap":{},"s":{"0":0,"1":0,"2":0,"3":0,"4":0,"5":0,"6":0,"7":0,"8":0,"9":0,"10":0,"11":0,"12":0,"13":0,"14":0,"15":0,"16":0},"f":{"0":0,"1":0},"b":{}}
,"/home/manik/Desktop/kriti-ai-web/backend/src/controllers/user.ts": {"path":"/home/manik/Desktop/kriti-ai-web/backend/src/controllers/user.ts","statementMap":{"0":{"start":{"line":2,"column":0},"end":{"line":2,"column":30}},"1":{"start":{"line":3,"column":0},"end":{"line":3,"column":52}},"2":{"start":{"line":5,"column":0},"end":{"line":5,"column":77}},"3":{"start":{"line":8,"column":33},"end":{"line":8,"column":65}},"4":{"start":{"line":10,"column":8},"end":{"line":16,"column":9}},"5":{"start":{"line":11,"column":44},"end":{"line":11,"column":52}},"6":{"start":{"line":12,"column":25},"end":{"line":12,"column":77}},"7":{"start":{"line":13,"column":12},"end":{"line":13,"column":null}},"8":{"start":{"line":15,"column":12},"end":{"line":15,"column":null}},"9":{"start":{"line":19,"column":8},"end":{"line":25,"column":9}},"10":{"start":{"line":20,"column":38},"end":{"line":20,"column":46}},"11":{"start":{"line":21,"column":25},"end":{"line":21,"column":70}},"12":{"start":{"line":22,"column":12},"end":{"line":22,"column":null}},"13":{"start":{"line":24,"column":12},"end":{"line":24,"column":null}},"14":{"start":{"line":28,"column":23},"end":{"line":28,"column":39}},"15":{"start":{"line":29,"column":23},"end":{"line":29,"column":53}},"16":{"start":{"line":30,"column":8},"end":{"line":30,"column":null}},"17":{"start":{"line":31,"column":8},"end":{"line":31,"column":null}},"18":{"start":{"line":32,"column":8},"end":{"line":35,"column":null}},"19":{"start":{"line":7,"column":0},"end":{"line":7,"column":13}}},"fnMap":{"0":{"name":"(anonymous_8)","decl":{"start":{"line":8,"column":4},"end":{"line":8,"column":33}},"loc":{"start":{"line":8,"column":65},"end":{"line":8,"column":69}}},"1":{"name":"(anonymous_9)","decl":{"start":{"line":9,"column":18},"end":{"line":9,"column":34}},"loc":{"start":{"line":9,"column":78},"end":{"line":17,"column":null}}},"2":{"name":"(anonymous_11)","decl":{"start":{"line":18,"column":18},"end":{"line":18,"column":33}},"loc":{"start":{"line":18,"column":77},"end":{"line":26,"column":null}}},"3":{"name":"(anonymous_13)","decl":{"start":{"line":27,"column":4},"end":{"line":27,"column":18}},"loc":{"start":{"line":27,"column":18},"end":{"line":36,"column":5}}}},"branchMap":{},"s":{"0":0,"1":0,"2":0,"3":0,"4":0,"5":0,"6":0,"7":0,"8":0,"9":0,"10":0,"11":0,"12":0,"13":0,"14":0,"15":0,"16":0,"17":0,"18":0,"19":0},"f":{"0":0,"1":0,"2":0,"3":0},"b":{}}
,"/home/manik/Desktop/kriti-ai-web/backend/src/errors/error_handler.ts": {"path":"/home/manik/Desktop/kriti-ai-web/backend/src/errors/error_handler.ts","statementMap":{"0":{"start":{"line":2,"column":0},"end":{"line":2,"column":60}},"1":{"start":{"line":4,"column":27},"end":{"line":32,"column":1}},"2":{"start":{"line":5,"column":4},"end":{"line":9,"column":5}},"3":{"start":{"line":6,"column":7},"end":{"line":8,"column":null}},"4":{"start":{"line":11,"column":4},"end":{"line":29,"column":5}},"5":{"start":{"line":12,"column":8},"end":{"line":16,"column":null}},"6":{"start":{"line":17,"column":10},"end":{"line":29,"column":5}},"7":{"start":{"line":18,"column":8},"end":{"line":22,"column":null}},"8":{"start":{"line":24,"column":8},"end":{"line":28,"column":null}},"9":{"start":{"line":30,"column":37},"end":{"line":30,"column":43}},"10":{"start":{"line":30,"column":33},"end":{"line":30,"column":37}},"11":{"start":{"line":31,"column":4},"end":{"line":31,"column":48}},"12":{"start":{"line":4,"column":13},"end":{"line":4,"column":27}}},"fnMap":{"0":{"name":"(anonymous_1)","decl":{"start":{"line":4,"column":27},"end":{"line":4,"column":28}},"loc":{"start":{"line":4,"column":67},"end":{"line":32,"column":1}}}},"branchMap":{"0":{"loc":{"start":{"line":5,"column":4},"end":{"line":9,"column":5}},"type":"if","locations":[{"start":{"line":5,"column":4},"end":{"line":9,"column":5}}]},"1":{"loc":{"start":{"line":11,"column":4},"end":{"line":29,"column":5}},"type":"if","locations":[{"start":{"line":11,"column":4},"end":{"line":29,"column":5}},{"start":{"line":17,"column":10},"end":{"line":29,"column":5}}]},"2":{"loc":{"start":{"line":17,"column":10},"end":{"line":29,"column":5}},"type":"if","locations":[{"start":{"line":17,"column":10},"end":{"line":29,"column":5}},{"start":{"line":23,"column":9},"end":{"line":29,"column":5}}]}},"s":{"0":0,"1":0,"2":0,"3":0,"4":0,"5":0,"6":0,"7":0,"8":0,"9":0,"10":0,"11":0,"12":0},"f":{"0":0},"b":{"0":[0],"1":[0,0],"2":[0,0]}}
,"/home/manik/Desktop/kriti-ai-web/backend/src/errors/errors.ts": {"path":"/home/manik/Desktop/kriti-ai-web/backend/src/errors/errors.ts","statementMap":{"0":{"start":{"line":1,"column":0},"end":{"line":1,"column":13}},"1":{"start":{"line":3,"column":0},"end":{"line":3,"column":13}},"2":{"start":{"line":5,"column":0},"end":{"line":5,"column":13}}},"fnMap":{},"branchMap":{},"s":{"0":2,"1":2,"2":2},"f":{},"b":{}}
,"/home/manik/Desktop/kriti-ai-web/backend/src/prompts/base_prompt.ts": {"path":"/home/manik/Desktop/kriti-ai-web/backend/src/prompts/base_prompt.ts","statementMap":{"0":{"start":{"line":1,"column":0},"end":{"line":1,"column":44}},"1":{"start":{"line":3,"column":13},"end":{"line":1459,"column":null}},"2":{"start":{"line":19,"column":125},"end":{"line":19,"column":139}}},"fnMap":{"0":{"name":"(anonymous_0)","decl":{"start":{"line":19,"column":112},"end":{"line":19,"column":113}},"loc":{"start":{"line":19,"column":125},"end":{"line":19,"column":139}}}},"branchMap":{},"s":{"0":0,"1":0,"2":0},"f":{"0":0},"b":{}}
,"/home/manik/Desktop/kriti-ai-web/backend/src/prompts/utils.ts": {"path":"/home/manik/Desktop/kriti-ai-web/backend/src/prompts/utils.ts","statementMap":{"0":{"start":{"line":1,"column":13},"end":{"line":50,"column":2}},"1":{"start":{"line":52,"column":13},"end":{"line":52,"column":66}}},"fnMap":{},"branchMap":{},"s":{"0":0,"1":0},"f":{},"b":{}}
,"/home/manik/Desktop/kriti-ai-web/backend/src/schema/authenticate.ts": {"path":"/home/manik/Desktop/kriti-ai-web/backend/src/schema/authenticate.ts","statementMap":{"0":{"start":{"line":1,"column":0},"end":{"line":1,"column":32}},"1":{"start":{"line":9,"column":29},"end":{"line":22,"column":2}},"2":{"start":{"line":24,"column":0},"end":{"line":24,"column":46}},"3":{"start":{"line":25,"column":13},"end":{"line":25,"column":85}}},"fnMap":{},"branchMap":{},"s":{"0":2,"1":2,"2":2,"3":2},"f":{},"b":{}}
,"/home/manik/Desktop/kriti-ai-web/backend/src/schema/project.ts": {"path":"/home/manik/Desktop/kriti-ai-web/backend/src/schema/project.ts","statementMap":{"0":{"start":{"line":1,"column":0},"end":{"line":1,"column":32}},"1":{"start":{"line":11,"column":22},"end":{"line":32,"column":2}},"2":{"start":{"line":34,"column":0},"end":{"line":34,"column":41}},"3":{"start":{"line":35,"column":13},"end":{"line":35,"column":64}}},"fnMap":{},"branchMap":{},"s":{"0":0,"1":0,"2":0,"3":0},"f":{},"b":{}}
,"/home/manik/Desktop/kriti-ai-web/backend/src/schema/user.ts": {"path":"/home/manik/Desktop/kriti-ai-web/backend/src/schema/user.ts","statementMap":{"0":{"start":{"line":1,"column":0},"end":{"line":1,"column":32}},"1":{"start":{"line":12,"column":19},"end":{"line":32,"column":2}},"2":{"start":{"line":34,"column":0},"end":{"line":34,"column":36}},"3":{"start":{"line":35,"column":13},"end":{"line":35,"column":55}}},"fnMap":{},"branchMap":{},"s":{"0":2,"1":2,"2":2,"3":2},"f":{},"b":{}}
,"/home/manik/Desktop/kriti-ai-web/backend/src/services/email_sender.ts": {"path":"/home/manik/Desktop/kriti-ai-web/backend/src/services/email_sender.ts","statementMap":{"0":{"start":{"line":1,"column":0},"end":{"line":1,"column":34}},"1":{"start":{"line":2,"column":0},"end":{"line":2,"column":35}},"2":{"start":{"line":3,"column":0},"end":{"line":3,"column":53}},"3":{"start":{"line":11,"column":28},"end":{"line":17,"column":10}},"4":{"start":{"line":18,"column":8},"end":{"line":28,"column":null}},"5":{"start":{"line":24,"column":16},"end":{"line":26,"column":17}},"6":{"start":{"line":25,"column":20},"end":{"line":25,"column":65}},"7":{"start":{"line":9,"column":0},"end":{"line":9,"column":13}}},"fnMap":{"0":{"name":"(anonymous_1)","decl":{"start":{"line":10,"column":4},"end":{"line":10,"column":13}},"loc":{"start":{"line":10,"column":58},"end":{"line":29,"column":5}}},"1":{"name":"(anonymous_2)","decl":{"start":{"line":23,"column":12},"end":{"line":23,"column":13}},"loc":{"start":{"line":23,"column":22},"end":{"line":27,"column":13}}}},"branchMap":{"0":{"loc":{"start":{"line":24,"column":16},"end":{"line":26,"column":17}},"type":"if","locations":[{"start":{"line":24,"column":16},"end":{"line":26,"column":17}}]}},"s":{"0":0,"1":0,"2":0,"3":0,"4":0,"5":0,"6":0,"7":0},"f":{"0":0,"1":0},"b":{"0":[0]}}
,"/home/manik/Desktop/kriti-ai-web/backend/src/services/otp.ts": {"path":"/home/manik/Desktop/kriti-ai-web/backend/src/services/otp.ts","statementMap":{"0":{"start":{"line":1,"column":0},"end":{"line":1,"column":47}},"1":{"start":{"line":2,"column":0},"end":{"line":2,"column":49}},"2":{"start":{"line":3,"column":0},"end":{"line":3,"column":56}},"3":{"start":{"line":12,"column":33},"end":{"line":12,"column":57}},"4":{"start":{"line":14,"column":21},"end":{"line":16,"column":10}},"5":{"start":{"line":17,"column":8},"end":{"line":19,"column":9}},"6":{"start":{"line":18,"column":12},"end":{"line":18,"column":61}},"7":{"start":{"line":20,"column":20},"end":{"line":20,"column":53}},"8":{"start":{"line":21,"column":24},"end":{"line":21,"column":52}},"9":{"start":{"line":22,"column":21},"end":{"line":22,"column":156}},"10":{"start":{"line":23,"column":8},"end":{"line":23,"column":null}},"11":{"start":{"line":24,"column":8},"end":{"line":24,"column":null}},"12":{"start":{"line":27,"column":34},"end":{"line":27,"column":47}},"13":{"start":{"line":28,"column":8},"end":{"line":30,"column":9}},"14":{"start":{"line":29,"column":12},"end":{"line":29,"column":60}},"15":{"start":{"line":31,"column":27},"end":{"line":34,"column":null}},"16":{"start":{"line":36,"column":8},"end":{"line":38,"column":9}},"17":{"start":{"line":37,"column":12},"end":{"line":37,"column":51}},"18":{"start":{"line":39,"column":21},"end":{"line":47,"column":null}},"19":{"start":{"line":49,"column":8},"end":{"line":51,"column":9}},"20":{"start":{"line":50,"column":12},"end":{"line":50,"column":61}},"21":{"start":{"line":52,"column":8},"end":{"line":52,"column":null}},"22":{"start":{"line":11,"column":0},"end":{"line":11,"column":13}}},"fnMap":{"0":{"name":"(anonymous_7)","decl":{"start":{"line":12,"column":4},"end":{"line":12,"column":33}},"loc":{"start":{"line":12,"column":57},"end":{"line":12,"column":61}}},"1":{"name":"(anonymous_8)","decl":{"start":{"line":13,"column":10},"end":{"line":13,"column":17}},"loc":{"start":{"line":13,"column":31},"end":{"line":25,"column":null}}},"2":{"name":"(anonymous_10)","decl":{"start":{"line":26,"column":10},"end":{"line":26,"column":21}},"loc":{"start":{"line":26,"column":63},"end":{"line":53,"column":null}}}},"branchMap":{"0":{"loc":{"start":{"line":17,"column":8},"end":{"line":19,"column":9}},"type":"if","locations":[{"start":{"line":17,"column":8},"end":{"line":19,"column":9}}]},"1":{"loc":{"start":{"line":28,"column":8},"end":{"line":30,"column":9}},"type":"if","locations":[{"start":{"line":28,"column":8},"end":{"line":30,"column":9}}]},"2":{"loc":{"start":{"line":36,"column":8},"end":{"line":38,"column":9}},"type":"if","locations":[{"start":{"line":36,"column":8},"end":{"line":38,"column":9}}]},"3":{"loc":{"start":{"line":49,"column":8},"end":{"line":51,"column":9}},"type":"if","locations":[{"start":{"line":49,"column":8},"end":{"line":51,"column":9}}]}},"s":{"0":1,"1":1,"2":1,"3":2,"4":1,"5":1,"6":0,"7":1,"8":1,"9":1,"10":1,"11":1,"12":1,"13":1,"14":0,"15":1,"16":1,"17":0,"18":1,"19":1,"20":0,"21":1,"22":1},"f":{"0":2,"1":1,"2":1},"b":{"0":[0],"1":[0],"2":[0],"3":[0]}}
,"/home/manik/Desktop/kriti-ai-web/backend/src/services/project.ts": {"path":"/home/manik/Desktop/kriti-ai-web/backend/src/services/project.ts","statementMap":{"0":{"start":{"line":1,"column":0},"end":{"line":1,"column":36}},"1":{"start":{"line":2,"column":0},"end":{"line":2,"column":89}},"2":{"start":{"line":3,"column":0},"end":{"line":3,"column":56}},"3":{"start":{"line":14,"column":21},"end":{"line":14,"column":70}},"4":{"start":{"line":15,"column":8},"end":{"line":17,"column":9}},"5":{"start":{"line":16,"column":12},"end":{"line":16,"column":56}},"6":{"start":{"line":18,"column":8},"end":{"line":18,"column":null}},"7":{"start":{"line":21,"column":24},"end":{"line":27,"column":10}},"8":{"start":{"line":28,"column":8},"end":{"line":28,"column":null}},"9":{"start":{"line":31,"column":30},"end":{"line":31,"column":65}},"10":{"start":{"line":32,"column":8},"end":{"line":34,"column":9}},"11":{"start":{"line":33,"column":12},"end":{"line":33,"column":59}},"12":{"start":{"line":35,"column":8},"end":{"line":37,"column":9}},"13":{"start":{"line":36,"column":12},"end":{"line":36,"column":81}},"14":{"start":{"line":38,"column":32},"end":{"line":38,"column":106}},"15":{"start":{"line":39,"column":8},"end":{"line":41,"column":9}},"16":{"start":{"line":40,"column":12},"end":{"line":40,"column":63}},"17":{"start":{"line":42,"column":8},"end":{"line":42,"column":31}},"18":{"start":{"line":45,"column":30},"end":{"line":45,"column":64}},"19":{"start":{"line":46,"column":8},"end":{"line":48,"column":9}},"20":{"start":{"line":47,"column":12},"end":{"line":47,"column":59}},"21":{"start":{"line":49,"column":8},"end":{"line":51,"column":9}},"22":{"start":{"line":50,"column":12},"end":{"line":50,"column":81}},"23":{"start":{"line":52,"column":21},"end":{"line":56,"column":10}},"24":{"start":{"line":57,"column":8},"end":{"line":59,"column":9}},"25":{"start":{"line":58,"column":12},"end":{"line":58,"column":56}},"26":{"start":{"line":60,"column":32},"end":{"line":60,"column":82}},"27":{"start":{"line":61,"column":8},"end":{"line":63,"column":9}},"28":{"start":{"line":62,"column":12},"end":{"line":62,"column":63}},"29":{"start":{"line":64,"column":8},"end":{"line":64,"column":null}},"30":{"start":{"line":12,"column":0},"end":{"line":12,"column":13}}},"fnMap":{"0":{"name":"(anonymous_7)","decl":{"start":{"line":13,"column":10},"end":{"line":13,"column":21}},"loc":{"start":{"line":13,"column":37},"end":{"line":19,"column":null}}},"1":{"name":"(anonymous_9)","decl":{"start":{"line":20,"column":10},"end":{"line":20,"column":23}},"loc":{"start":{"line":20,"column":89},"end":{"line":29,"column":null}}},"2":{"name":"(anonymous_11)","decl":{"start":{"line":30,"column":10},"end":{"line":30,"column":23}},"loc":{"start":{"line":30,"column":62},"end":{"line":43,"column":null}}},"3":{"name":"(anonymous_13)","decl":{"start":{"line":44,"column":10},"end":{"line":44,"column":23}},"loc":{"start":{"line":44,"column":59},"end":{"line":65,"column":null}}}},"branchMap":{"0":{"loc":{"start":{"line":15,"column":8},"end":{"line":17,"column":9}},"type":"if","locations":[{"start":{"line":15,"column":8},"end":{"line":17,"column":9}}]},"1":{"loc":{"start":{"line":32,"column":8},"end":{"line":34,"column":9}},"type":"if","locations":[{"start":{"line":32,"column":8},"end":{"line":34,"column":9}}]},"2":{"loc":{"start":{"line":35,"column":8},"end":{"line":37,"column":9}},"type":"if","locations":[{"start":{"line":35,"column":8},"end":{"line":37,"column":9}}]},"3":{"loc":{"start":{"line":39,"column":8},"end":{"line":41,"column":9}},"type":"if","locations":[{"start":{"line":39,"column":8},"end":{"line":41,"column":9}}]},"4":{"loc":{"start":{"line":46,"column":8},"end":{"line":48,"column":9}},"type":"if","locations":[{"start":{"line":46,"column":8},"end":{"line":48,"column":9}}]},"5":{"loc":{"start":{"line":49,"column":8},"end":{"line":51,"column":9}},"type":"if","locations":[{"start":{"line":49,"column":8},"end":{"line":51,"column":9}}]},"6":{"loc":{"start":{"line":57,"column":8},"end":{"line":59,"column":9}},"type":"if","locations":[{"start":{"line":57,"column":8},"end":{"line":59,"column":9}}]},"7":{"loc":{"start":{"line":61,"column":8},"end":{"line":63,"column":9}},"type":"if","locations":[{"start":{"line":61,"column":8},"end":{"line":63,"column":9}}]}},"s":{"0":0,"1":0,"2":0,"3":0,"4":0,"5":0,"6":0,"7":0,"8":0,"9":0,"10":0,"11":0,"12":0,"13":0,"14":0,"15":0,"16":0,"17":0,"18":0,"19":0,"20":0,"21":0,"22":0,"23":0,"24":0,"25":0,"26":0,"27":0,"28":0,"29":0,"30":0},"f":{"0":0,"1":0,"2":0,"3":0},"b":{"0":[0],"1":[0],"2":[0],"3":[0],"4":[0],"5":[0],"6":[0],"7":[0]}}
,"/home/manik/Desktop/kriti-ai-web/backend/src/services/user.ts": {"path":"/home/manik/Desktop/kriti-ai-web/backend/src/services/user.ts","statementMap":{"0":{"start":{"line":1,"column":0},"end":{"line":1,"column":47}},"1":{"start":{"line":2,"column":0},"end":{"line":2,"column":54}},"2":{"start":{"line":3,"column":0},"end":{"line":3,"column":70}},"3":{"start":{"line":5,"column":0},"end":{"line":5,"column":28}},"4":{"start":{"line":6,"column":0},"end":{"line":6,"column":31}},"5":{"start":{"line":7,"column":0},"end":{"line":7,"column":35}},"6":{"start":{"line":16,"column":30},"end":{"line":16,"column":76}},"7":{"start":{"line":17,"column":8},"end":{"line":19,"column":9}},"8":{"start":{"line":18,"column":12},"end":{"line":18,"column":61}},"9":{"start":{"line":20,"column":19},"end":{"line":23,"column":10}},"10":{"start":{"line":24,"column":8},"end":{"line":24,"column":33}},"11":{"start":{"line":25,"column":34},"end":{"line":25,"column":65}},"12":{"start":{"line":26,"column":31},"end":{"line":30,"column":10}},"13":{"start":{"line":31,"column":8},"end":{"line":31,"column":36}},"14":{"start":{"line":32,"column":8},"end":{"line":32,"column":null}},"15":{"start":{"line":35,"column":31},"end":{"line":35,"column":75}},"16":{"start":{"line":36,"column":8},"end":{"line":38,"column":9}},"17":{"start":{"line":37,"column":12},"end":{"line":37,"column":71}},"18":{"start":{"line":39,"column":31},"end":{"line":39,"column":54}},"19":{"start":{"line":40,"column":8},"end":{"line":42,"column":9}},"20":{"start":{"line":41,"column":12},"end":{"line":41,"column":82}},"21":{"start":{"line":43,"column":24},"end":{"line":43,"column":70}},"22":{"start":{"line":44,"column":8},"end":{"line":46,"column":9}},"23":{"start":{"line":45,"column":12},"end":{"line":45,"column":65}},"24":{"start":{"line":47,"column":20},"end":{"line":47,"column":63}},"25":{"start":{"line":48,"column":8},"end":{"line":50,"column":9}},"26":{"start":{"line":49,"column":12},"end":{"line":49,"column":56}},"27":{"start":{"line":51,"column":22},"end":{"line":51,"column":80}},"28":{"start":{"line":52,"column":8},"end":{"line":52,"column":42}},"29":{"start":{"line":14,"column":0},"end":{"line":14,"column":13}}},"fnMap":{"0":{"name":"(anonymous_8)","decl":{"start":{"line":15,"column":10},"end":{"line":15,"column":16}},"loc":{"start":{"line":15,"column":62},"end":{"line":33,"column":null}}},"1":{"name":"(anonymous_10)","decl":{"start":{"line":34,"column":10},"end":{"line":34,"column":15}},"loc":{"start":{"line":34,"column":47},"end":{"line":53,"column":null}}}},"branchMap":{"0":{"loc":{"start":{"line":17,"column":8},"end":{"line":19,"column":9}},"type":"if","locations":[{"start":{"line":17,"column":8},"end":{"line":19,"column":9}}]},"1":{"loc":{"start":{"line":36,"column":8},"end":{"line":38,"column":9}},"type":"if","locations":[{"start":{"line":36,"column":8},"end":{"line":38,"column":9}}]},"2":{"loc":{"start":{"line":40,"column":8},"end":{"line":42,"column":9}},"type":"if","locations":[{"start":{"line":40,"column":8},"end":{"line":42,"column":9}}]},"3":{"loc":{"start":{"line":44,"column":8},"end":{"line":46,"column":9}},"type":"if","locations":[{"start":{"line":44,"column":8},"end":{"line":46,"column":9}}]},"4":{"loc":{"start":{"line":48,"column":8},"end":{"line":50,"column":9}},"type":"if","locations":[{"start":{"line":48,"column":8},"end":{"line":50,"column":9}}]}},"s":{"0":2,"1":2,"2":2,"3":2,"4":2,"5":2,"6":4,"7":4,"8":0,"9":4,"10":4,"11":4,"12":4,"13":4,"14":4,"15":1,"16":1,"17":0,"18":1,"19":1,"20":0,"21":1,"22":1,"23":0,"24":1,"25":1,"26":0,"27":1,"28":1,"29":2},"f":{"0":4,"1":1},"b":{"0":[0],"1":[0],"2":[0],"3":[0],"4":[0]}}
}
